<?xml version="1.0" encoding="UTF-8"?>
<!-- Generated by org.testng.reporters.JUnitXMLReporter -->
<testsuite ignored="0" hostname="iMac-Vladislav.local" failures="0" tests="1" name="Surefire test" time="8.44" errors="0" timestamp="2022-07-10T10:54:31 MSK">
  <testcase classname="ui.TechnicalTaskTest" name="@BeforeClass setUp" time="8.385">
    <failure type="org.openqa.selenium.SessionNotCreatedException" message="session not created: This version of ChromeDriver only supports Chrome version 104
Current browser version is 103.0.5060.114 with binary path /Applications/Google Chrome.app/Contents/MacOS/Google Chrome
Build info: version: &amp;apos;3.141.59&amp;apos;, revision: &amp;apos;e82be7d358&amp;apos;, time: &amp;apos;2018-11-14T08:17:03&amp;apos;
System info: host: &amp;apos;iMac-Vladislav.local&amp;apos;, ip: &amp;apos;192.168.0.12&amp;apos;, os.name: &amp;apos;Mac OS X&amp;apos;, os.arch: &amp;apos;x86_64&amp;apos;, os.version: &amp;apos;10.15.7&amp;apos;, java.version: &amp;apos;18&amp;apos;
Driver info: driver.version: ChromeDriver
remote stacktrace: 0   chromedriver                        0x00000001045e7129 chromedriver + 4440361
1   chromedriver                        0x0000000104571a43 chromedriver + 3959363
2   chromedriver                        0x000000010420edc8 chromedriver + 409032
3   chromedriver                        0x0000000104236463 chromedriver + 570467
4   chromedriver                        0x0000000104231dee chromedriver + 552430
5   chromedriver                        0x000000010422e037 chromedriver + 536631
6   chromedriver                        0x000000010426878a chromedriver + 776074
7   chromedriver                        0x0000000104262963 chromedriver + 751971
8   chromedriver                        0x00000001042386d5 chromedriver + 579285
9   chromedriver                        0x0000000104239725 chromedriver + 583461
10  chromedriver                        0x00000001045b838d chromedriver + 4248461
11  chromedriver                        0x00000001045bc7d8 chromedriver + 4265944
12  chromedriver                        0x00000001045c1a1f chromedriver + 4287007
13  chromedriver                        0x00000001045bd557 chromedriver + 4269399
14  chromedriver                        0x0000000104596b4f chromedriver + 4111183
15  chromedriver                        0x00000001045d7dd8 chromedriver + 4378072
16  chromedriver                        0x00000001045d7f5f chromedriver + 4378463
17  chromedriver                        0x00000001045ee3b5 chromedriver + 4469685
18  libsystem_pthread.dylib             0x00007fff70116109 _pthread_start + 148
19  libsystem_pthread.dylib             0x00007fff70111b8b thread_start + 15
">
      <![CDATA[org.openqa.selenium.SessionNotCreatedException: session not created: This version of ChromeDriver only supports Chrome version 104
Current browser version is 103.0.5060.114 with binary path /Applications/Google Chrome.app/Contents/MacOS/Google Chrome
Build info: version: '3.141.59', revision: 'e82be7d358', time: '2018-11-14T08:17:03'
System info: host: 'iMac-Vladislav.local', ip: '192.168.0.12', os.name: 'Mac OS X', os.arch: 'x86_64', os.version: '10.15.7', java.version: '18'
Driver info: driver.version: ChromeDriver
remote stacktrace: 0   chromedriver                        0x00000001045e7129 chromedriver + 4440361
1   chromedriver                        0x0000000104571a43 chromedriver + 3959363
2   chromedriver                        0x000000010420edc8 chromedriver + 409032
3   chromedriver                        0x0000000104236463 chromedriver + 570467
4   chromedriver                        0x0000000104231dee chromedriver + 552430
5   chromedriver                        0x000000010422e037 chromedriver + 536631
6   chromedriver                        0x000000010426878a chromedriver + 776074
7   chromedriver                        0x0000000104262963 chromedriver + 751971
8   chromedriver                        0x00000001042386d5 chromedriver + 579285
9   chromedriver                        0x0000000104239725 chromedriver + 583461
10  chromedriver                        0x00000001045b838d chromedriver + 4248461
11  chromedriver                        0x00000001045bc7d8 chromedriver + 4265944
12  chromedriver                        0x00000001045c1a1f chromedriver + 4287007
13  chromedriver                        0x00000001045bd557 chromedriver + 4269399
14  chromedriver                        0x0000000104596b4f chromedriver + 4111183
15  chromedriver                        0x00000001045d7dd8 chromedriver + 4378072
16  chromedriver                        0x00000001045d7f5f chromedriver + 4378463
17  chromedriver                        0x00000001045ee3b5 chromedriver + 4469685
18  libsystem_pthread.dylib             0x00007fff70116109 _pthread_start + 148
19  libsystem_pthread.dylib             0x00007fff70111b8b thread_start + 15

at org.openqa.selenium.remote.W3CHandshakeResponse.lambda$errorHandler$0(W3CHandshakeResponse.java:62)
at org.openqa.selenium.remote.HandshakeResponse.lambda$getResponseFunction$0(HandshakeResponse.java:30)
at org.openqa.selenium.remote.ProtocolHandshake.lambda$createSession$0(ProtocolHandshake.java:126)
at java.base/java.util.stream.ReferencePipeline$3$1.accept(ReferencePipeline.java:197)
at java.base/java.util.Spliterators$ArraySpliterator.tryAdvance(Spliterators.java:1002)
at java.base/java.util.stream.ReferencePipeline.forEachWithCancel(ReferencePipeline.java:129)
at java.base/java.util.stream.AbstractPipeline.copyIntoWithCancel(AbstractPipeline.java:527)
at java.base/java.util.stream.AbstractPipeline.copyInto(AbstractPipeline.java:513)
at java.base/java.util.stream.AbstractPipeline.wrapAndCopyInto(AbstractPipeline.java:499)
at java.base/java.util.stream.FindOps$FindOp.evaluateSequential(FindOps.java:150)
at java.base/java.util.stream.AbstractPipeline.evaluate(AbstractPipeline.java:234)
at java.base/java.util.stream.ReferencePipeline.findFirst(ReferencePipeline.java:647)
at org.openqa.selenium.remote.ProtocolHandshake.createSession(ProtocolHandshake.java:128)
at org.openqa.selenium.remote.ProtocolHandshake.createSession(ProtocolHandshake.java:74)
at org.openqa.selenium.remote.HttpCommandExecutor.execute(HttpCommandExecutor.java:136)
at org.openqa.selenium.remote.service.DriverCommandExecutor.execute(DriverCommandExecutor.java:83)
at org.openqa.selenium.remote.RemoteWebDriver.execute(RemoteWebDriver.java:552)
at org.openqa.selenium.remote.RemoteWebDriver.startSession(RemoteWebDriver.java:213)
at org.openqa.selenium.remote.RemoteWebDriver.<init>(RemoteWebDriver.java:131)
at org.openqa.selenium.chrome.ChromeDriver.<init>(ChromeDriver.java:181)
at org.openqa.selenium.chrome.ChromeDriver.<init>(ChromeDriver.java:168)
at org.openqa.selenium.chrome.ChromeDriver.<init>(ChromeDriver.java:123)
at common.Init.getWebDriver(Init.java:32)
at pageobjects.HomePage.<init>(HomePage.java:18)
at ui.TechnicalTaskTest.setUp(TechnicalTaskTest.java:19)
at java.base/java.util.ArrayList.forEach(ArrayList.java:1511)
... Removed 31 stack frames]]>
    </failure>
  </testcase> <!-- @BeforeClass setUp -->
  <testcase classname="ui.TechnicalTaskTest" name="testSearch" time="0.0">
    <skipped/>
  </testcase> <!-- testSearch -->
</testsuite> <!-- Surefire test -->
