<?xml version="1.0" encoding="UTF-8"?>
<!-- Generated by org.testng.reporters.JUnitReportReporter -->
<testsuite hostname="iMac-Vladislav.local" failures="0" tests="2" name="ui.TechnicalTaskTest" time="8.385" errors="1" timestamp="2022-07-10T10:54:31 MSK" skipped="1">
  <testcase classname="ui.TechnicalTaskTest" name="setUp" time="8.385">
    <error message="session not created: This version of ChromeDriver only supports Chrome version 104
Current browser version is 103.0.5060.114 with binary path /Applications/Google Chrome.app/Contents/MacOS/Google Chrome
Build info: version: &#039;3.141.59&#039;, revision: &#039;e82be7d358&#039;, time: &#039;2018-11-14T08:17:03&#039;
System info: host: &#039;iMac-Vladislav.local&#039;, ip: &#039;192.168.0.12&#039;, os.name: &#039;Mac OS X&#039;, os.arch: &#039;x86_64&#039;, os.version: &#039;10.15.7&#039;, java.version: &#039;18&#039;
Driver info: driver.version: ChromeDriver
remote stacktrace: 0   chromedriver                        0x00000001045e7129 chromedriver + 4440361
1   chromedriver                        0x0000000104571a43 chromedriver + 3959363
2   chromedriver                        0x000000010420edc8 chromedriver + 409032
3   chromedriver                        0x0000000104236463 chromedriver + 570467
4   chromedriver                        0x0000000104231dee chromedriver + 552430
5   chromedriver                        0x000000010422e037 chromedriver + 536631
6   chromedriver                        0x000000010426878a chromedriver + 776074
7   chromedriver                        0x0000000104262963 chromedriver + 751971
8   chromedriver                        0x00000001042386d5 chromedriver + 579285
9   chromedriver                        0x0000000104239725 chromedriver + 583461
10  chromedriver                        0x00000001045b838d chromedriver + 4248461
11  chromedriver                        0x00000001045bc7d8 chromedriver + 4265944
12  chromedriver                        0x00000001045c1a1f chromedriver + 4287007
13  chromedriver                        0x00000001045bd557 chromedriver + 4269399
14  chromedriver                        0x0000000104596b4f chromedriver + 4111183
15  chromedriver                        0x00000001045d7dd8 chromedriver + 4378072
16  chromedriver                        0x00000001045d7f5f chromedriver + 4378463
17  chromedriver                        0x00000001045ee3b5 chromedriver + 4469685
18  libsystem_pthread.dylib             0x00007fff70116109 _pthread_start + 148
19  libsystem_pthread.dylib             0x00007fff70111b8b thread_start + 15
" type="org.openqa.selenium.SessionNotCreatedException">
      <![CDATA[org.openqa.selenium.SessionNotCreatedException: session not created: This version of ChromeDriver only supports Chrome version 104
Current browser version is 103.0.5060.114 with binary path /Applications/Google Chrome.app/Contents/MacOS/Google Chrome
Build info: version: '3.141.59', revision: 'e82be7d358', time: '2018-11-14T08:17:03'
System info: host: 'iMac-Vladislav.local', ip: '192.168.0.12', os.name: 'Mac OS X', os.arch: 'x86_64', os.version: '10.15.7', java.version: '18'
Driver info: driver.version: ChromeDriver
remote stacktrace: 0   chromedriver                        0x00000001045e7129 chromedriver + 4440361
1   chromedriver                        0x0000000104571a43 chromedriver + 3959363
2   chromedriver                        0x000000010420edc8 chromedriver + 409032
3   chromedriver                        0x0000000104236463 chromedriver + 570467
4   chromedriver                        0x0000000104231dee chromedriver + 552430
5   chromedriver                        0x000000010422e037 chromedriver + 536631
6   chromedriver                        0x000000010426878a chromedriver + 776074
7   chromedriver                        0x0000000104262963 chromedriver + 751971
8   chromedriver                        0x00000001042386d5 chromedriver + 579285
9   chromedriver                        0x0000000104239725 chromedriver + 583461
10  chromedriver                        0x00000001045b838d chromedriver + 4248461
11  chromedriver                        0x00000001045bc7d8 chromedriver + 4265944
12  chromedriver                        0x00000001045c1a1f chromedriver + 4287007
13  chromedriver                        0x00000001045bd557 chromedriver + 4269399
14  chromedriver                        0x0000000104596b4f chromedriver + 4111183
15  chromedriver                        0x00000001045d7dd8 chromedriver + 4378072
16  chromedriver                        0x00000001045d7f5f chromedriver + 4378463
17  chromedriver                        0x00000001045ee3b5 chromedriver + 4469685
18  libsystem_pthread.dylib             0x00007fff70116109 _pthread_start + 148
19  libsystem_pthread.dylib             0x00007fff70111b8b thread_start + 15

at java.base/jdk.internal.reflect.DirectConstructorHandleAccessor.newInstance(DirectConstructorHandleAccessor.java:67)
at java.base/java.lang.reflect.Constructor.newInstanceWithCaller(Constructor.java:499)
at java.base/java.lang.reflect.Constructor.newInstance(Constructor.java:483)
at org.openqa.selenium.remote.W3CHandshakeResponse.lambda$errorHandler$0(W3CHandshakeResponse.java:62)
at org.openqa.selenium.remote.HandshakeResponse.lambda$getResponseFunction$0(HandshakeResponse.java:30)
at org.openqa.selenium.remote.ProtocolHandshake.lambda$createSession$0(ProtocolHandshake.java:126)
at java.base/java.util.stream.ReferencePipeline$3$1.accept(ReferencePipeline.java:197)
at java.base/java.util.Spliterators$ArraySpliterator.tryAdvance(Spliterators.java:1002)
at java.base/java.util.stream.ReferencePipeline.forEachWithCancel(ReferencePipeline.java:129)
at java.base/java.util.stream.AbstractPipeline.copyIntoWithCancel(AbstractPipeline.java:527)
at java.base/java.util.stream.AbstractPipeline.copyInto(AbstractPipeline.java:513)
at java.base/java.util.stream.AbstractPipeline.wrapAndCopyInto(AbstractPipeline.java:499)
at java.base/java.util.stream.FindOps$FindOp.evaluateSequential(FindOps.java:150)
at java.base/java.util.stream.AbstractPipeline.evaluate(AbstractPipeline.java:234)
at java.base/java.util.stream.ReferencePipeline.findFirst(ReferencePipeline.java:647)
at org.openqa.selenium.remote.ProtocolHandshake.createSession(ProtocolHandshake.java:128)
at org.openqa.selenium.remote.ProtocolHandshake.createSession(ProtocolHandshake.java:74)
at org.openqa.selenium.remote.HttpCommandExecutor.execute(HttpCommandExecutor.java:136)
at org.openqa.selenium.remote.service.DriverCommandExecutor.execute(DriverCommandExecutor.java:83)
at org.openqa.selenium.remote.RemoteWebDriver.execute(RemoteWebDriver.java:552)
at org.openqa.selenium.remote.RemoteWebDriver.startSession(RemoteWebDriver.java:213)
at org.openqa.selenium.remote.RemoteWebDriver.<init>(RemoteWebDriver.java:131)
at org.openqa.selenium.chrome.ChromeDriver.<init>(ChromeDriver.java:181)
at org.openqa.selenium.chrome.ChromeDriver.<init>(ChromeDriver.java:168)
at org.openqa.selenium.chrome.ChromeDriver.<init>(ChromeDriver.java:123)
at common.Init.getWebDriver(Init.java:32)
at pageobjects.HomePage.<init>(HomePage.java:18)
at ui.TechnicalTaskTest.setUp(TechnicalTaskTest.java:19)
at java.base/jdk.internal.reflect.DirectMethodHandleAccessor.invoke(DirectMethodHandleAccessor.java:104)
at java.base/java.lang.reflect.Method.invoke(Method.java:577)
at org.testng.internal.MethodInvocationHelper.invokeMethod(MethodInvocationHelper.java:134)
at org.testng.internal.MethodInvocationHelper.invokeMethodConsideringTimeout(MethodInvocationHelper.java:63)
at org.testng.internal.ConfigInvoker.invokeConfigurationMethod(ConfigInvoker.java:348)
at org.testng.internal.ConfigInvoker.invokeConfigurations(ConfigInvoker.java:302)
at org.testng.internal.TestMethodWorker.invokeBeforeClassMethods(TestMethodWorker.java:176)
at org.testng.internal.TestMethodWorker.run(TestMethodWorker.java:122)
at java.base/java.util.ArrayList.forEach(ArrayList.java:1511)
at org.testng.TestRunner.privateRun(TestRunner.java:766)
at org.testng.TestRunner.run(TestRunner.java:587)
at org.testng.SuiteRunner.runTest(SuiteRunner.java:384)
at org.testng.SuiteRunner.runSequentially(SuiteRunner.java:378)
at org.testng.SuiteRunner.privateRun(SuiteRunner.java:337)
at org.testng.SuiteRunner.run(SuiteRunner.java:286)
at org.testng.SuiteRunnerWorker.runSuite(SuiteRunnerWorker.java:53)
at org.testng.SuiteRunnerWorker.run(SuiteRunnerWorker.java:96)
at org.testng.TestNG.runSuitesSequentially(TestNG.java:1187)
at org.testng.TestNG.runSuitesLocally(TestNG.java:1109)
at org.testng.TestNG.runSuites(TestNG.java:1039)
at org.testng.TestNG.run(TestNG.java:1007)
at org.apache.maven.surefire.testng.TestNGExecutor.run(TestNGExecutor.java:135)
at org.apache.maven.surefire.testng.TestNGDirectoryTestSuite.executeSingleClass(TestNGDirectoryTestSuite.java:112)
at org.apache.maven.surefire.testng.TestNGDirectoryTestSuite.execute(TestNGDirectoryTestSuite.java:99)
at org.apache.maven.surefire.testng.TestNGProvider.invoke(TestNGProvider.java:146)
at org.apache.maven.surefire.booter.ForkedBooter.invokeProviderInSameClassLoader(ForkedBooter.java:384)
at org.apache.maven.surefire.booter.ForkedBooter.runSuitesInProcess(ForkedBooter.java:345)
at org.apache.maven.surefire.booter.ForkedBooter.execute(ForkedBooter.java:126)
at org.apache.maven.surefire.booter.ForkedBooter.main(ForkedBooter.java:418)
]]>
    </error>
  </testcase> <!-- setUp -->
  <system-out/>
  <testcase classname="ui.TechnicalTaskTest" name="testSearch" time="0.000">
    <skipped/>
  </testcase> <!-- testSearch -->
  <system-out/>
</testsuite> <!-- ui.TechnicalTaskTest -->
